# JRE version: Java(TM) SE Runtime Environment (8.0_65-b17) (build 1.8.0_65-b17)
# Java VM: Java HotSpot(TM) 64-Bit Server VM (25.65-b01 mixed mode linux-amd64 compressed oops)
Heap:
 PSYoungGen      total 208896K, used 48750K [0x00000000eab00000, 0x0000000100000000, 0x0000000100000000)
  eden space 141312K, 0% used [0x00000000eab00000,0x00000000eab00000,0x00000000f3500000)
  from space 67584K, 72% used [0x00000000f9080000,0x00000000fc01b9a8,0x00000000fd280000)
  to   space 93696K, 0% used [0x00000000f3500000,0x00000000f3500000,0x00000000f9080000)
 ParOldGen       total 169984K, used 169970K [0x00000000c0000000, 0x00000000ca600000, 0x00000000eab00000)
  object space 169984K, 99% used [0x00000000c0000000,0x00000000ca5fc9a8,0x00000000ca600000)
 Metaspace       used 6378K, capacity 7192K, committed 7424K, reserved 1056768K
  class space    used 609K, capacity 656K, committed 768K, reserved 1048576K
GC Heap History (10 events):
Event: 29,296 GC heap after
Heap after GC invocations=10 (full 1):
 PSYoungGen      total 139776K, used 14731K [0x00000000eab00000, 0x00000000fa780000, 0x0000000100000000)
  eden space 117248K, 0% used [0x00000000eab00000,0x00000000eab00000,0x00000000f1d80000)
  from space 22528K, 65% used [0x00000000f1d80000,0x00000000f2be2fb0,0x00000000f3380000)
  to   space 35328K, 0% used [0x00000000f8500000,0x00000000f8500000,0x00000000fa780000)
 ParOldGen       total 91648K, used 49453K [0x00000000c0000000, 0x00000000c5980000, 0x00000000eab00000)
  object space 91648K, 53% used [0x00000000c0000000,0x00000000c304b718,0x00000000c5980000)
 Metaspace       used 6336K, capacity 7192K, committed 7424K, reserved 1056768K
  class space    used 608K, capacity 656K, committed 768K, reserved 1048576K
}
Event: 32,170 GC heap before
{Heap before GC invocations=11 (full 1):
 PSYoungGen      total 139776K, used 131979K [0x00000000eab00000, 0x00000000fa780000, 0x0000000100000000)
  eden space 117248K, 100% used [0x00000000eab00000,0x00000000f1d80000,0x00000000f1d80000)
  from space 22528K, 65% used [0x00000000f1d80000,0x00000000f2be2fb0,0x00000000f3380000)
  to   space 35328K, 0% used [0x00000000f8500000,0x00000000f8500000,0x00000000fa780000)
 ParOldGen       total 91648K, used 49453K [0x00000000c0000000, 0x00000000c5980000, 0x00000000eab00000)
  object space 91648K, 53% used [0x00000000c0000000,0x00000000c304b718,0x00000000c5980000)
 Metaspace       used 6361K, capacity 7192K, committed 7424K, reserved 1056768K
  class space    used 608K, capacity 656K, committed 768K, reserved 1048576K
Event: 32,942 GC heap after
Heap after GC invocations=11 (full 1):
 PSYoungGen      total 181248K, used 35301K [0x00000000eab00000, 0x00000000faa80000, 0x0000000100000000)
  eden space 145920K, 0% used [0x00000000eab00000,0x00000000eab00000,0x00000000f3980000)
  from space 35328K, 99% used [0x00000000f8500000,0x00000000fa779580,0x00000000fa780000)
  to   space 57856K, 0% used [0x00000000f3980000,0x00000000f3980000,0x00000000f7200000)
 ParOldGen       total 94208K, used 93727K [0x00000000c0000000, 0x00000000c5c00000, 0x00000000eab00000)
  object space 94208K, 99% used [0x00000000c0000000,0x00000000c5b87c38,0x00000000c5c00000)
 Metaspace       used 6361K, capacity 7192K, committed 7424K, reserved 1056768K
  class space    used 608K, capacity 656K, committed 768K, reserved 1048576K
}
Event: 32,942 GC heap before
{Heap before GC invocations=12 (full 2):
 PSYoungGen      total 181248K, used 35301K [0x00000000eab00000, 0x00000000faa80000, 0x0000000100000000)
  eden space 145920K, 0% used [0x00000000eab00000,0x00000000eab00000,0x00000000f3980000)
  from space 35328K, 99% used [0x00000000f8500000,0x00000000fa779580,0x00000000fa780000)
  to   space 57856K, 0% used [0x00000000f3980000,0x00000000f3980000,0x00000000f7200000)
 ParOldGen       total 94208K, used 93727K [0x00000000c0000000, 0x00000000c5c00000, 0x00000000eab00000)
  object space 94208K, 99% used [0x00000000c0000000,0x00000000c5b87c38,0x00000000c5c00000)
 Metaspace       used 6361K, capacity 7192K, committed 7424K, reserved 1056768K
  class space    used 608K, capacity 656K, committed 768K, reserved 1048576K
Event: 37,290 GC heap after
Heap after GC invocations=12 (full 2):
 PSYoungGen      total 181248K, used 26924K [0x00000000eab00000, 0x00000000faa80000, 0x0000000100000000)
  eden space 145920K, 0% used [0x00000000eab00000,0x00000000eab00000,0x00000000f3980000)
  from space 35328K, 76% used [0x00000000f8500000,0x00000000f9f4b0d8,0x00000000fa780000)
  to   space 57856K, 0% used [0x00000000f3980000,0x00000000f3980000,0x00000000f7200000)
 ParOldGen       total 169984K, used 93936K [0x00000000c0000000, 0x00000000ca600000, 0x00000000eab00000)
  object space 169984K, 55% used [0x00000000c0000000,0x00000000c5bbc380,0x00000000ca600000)
 Metaspace       used 6361K, capacity 7192K, committed 7424K, reserved 1056768K
  class space    used 608K, capacity 656K, committed 768K, reserved 1048576K
}
Event: 38,613 GC heap before
{Heap before GC invocations=13 (full 2):
 PSYoungGen      total 181248K, used 172844K [0x00000000eab00000, 0x00000000faa80000, 0x0000000100000000)
  eden space 145920K, 100% used [0x00000000eab00000,0x00000000f3980000,0x00000000f3980000)
  from space 35328K, 76% used [0x00000000f8500000,0x00000000f9f4b0d8,0x00000000fa780000)
  to   space 57856K, 0% used [0x00000000f3980000,0x00000000f3980000,0x00000000f7200000)
 ParOldGen       total 169984K, used 93936K [0x00000000c0000000, 0x00000000ca600000, 0x00000000eab00000)
  object space 169984K, 55% used [0x00000000c0000000,0x00000000c5bbc380,0x00000000ca600000)
 Metaspace       used 6374K, capacity 7192K, committed 7424K, reserved 1056768K
  class space    used 609K, capacity 656K, committed 768K, reserved 1048576K
Event: 39,613 GC heap after
Heap after GC invocations=13 (full 2):
 PSYoungGen      total 203776K, used 56030K [0x00000000eab00000, 0x00000000fd280000, 0x0000000100000000)
  eden space 145920K, 0% used [0x00000000eab00000,0x00000000eab00000,0x00000000f3980000)
  from space 57856K, 96% used [0x00000000f3980000,0x00000000f7037a58,0x00000000f7200000)
  to   space 67584K, 0% used [0x00000000f9080000,0x00000000f9080000,0x00000000fd280000)
 ParOldGen       total 169984K, used 121949K [0x00000000c0000000, 0x00000000ca600000, 0x00000000eab00000)
  object space 169984K, 71% used [0x00000000c0000000,0x00000000c7717650,0x00000000ca600000)
 Metaspace       used 6374K, capacity 7192K, committed 7424K, reserved 1056768K
  class space    used 609K, capacity 656K, committed 768K, reserved 1048576K
}
Event: 41,386 GC heap before
{Heap before GC invocations=14 (full 2):
 PSYoungGen      total 203776K, used 201950K [0x00000000eab00000, 0x00000000fd280000, 0x0000000100000000)
  eden space 145920K, 100% used [0x00000000eab00000,0x00000000f3980000,0x00000000f3980000)
  from space 57856K, 96% used [0x00000000f3980000,0x00000000f7037a58,0x00000000f7200000)
  to   space 67584K, 0% used [0x00000000f9080000,0x00000000f9080000,0x00000000fd280000)
 ParOldGen       total 169984K, used 121949K [0x00000000c0000000, 0x00000000ca600000, 0x00000000eab00000)
  object space 169984K, 71% used [0x00000000c0000000,0x00000000c7717650,0x00000000ca600000)
 Metaspace       used 6378K, capacity 7192K, committed 7424K, reserved 1056768K
  class space    used 609K, capacity 656K, committed 768K, reserved 1048576K
Event: 41,965 GC heap after
Heap after GC invocations=14 (full 2):
 PSYoungGen      total 208896K, used 67571K [0x00000000eab00000, 0x0000000100000000, 0x0000000100000000)
  eden space 141312K, 0% used [0x00000000eab00000,0x00000000eab00000,0x00000000f3500000)
  from space 67584K, 99% used [0x00000000f9080000,0x00000000fd27cda0,0x00000000fd280000)
  to   space 93696K, 0% used [0x00000000f3500000,0x00000000f3500000,0x00000000f9080000)
 ParOldGen       total 169984K, used 160135K [0x00000000c0000000, 0x00000000ca600000, 0x00000000eab00000)
  object space 169984K, 94% used [0x00000000c0000000,0x00000000c9c61cc0,0x00000000ca600000)
 Metaspace       used 6378K, capacity 7192K, committed 7424K, reserved 1056768K
  class space    used 609K, capacity 656K, committed 768K, reserved 1048576K
}
Event: 42,646 GC heap before
{Heap before GC invocations=15 (full 3):
 PSYoungGen      total 208896K, used 67571K [0x00000000eab00000, 0x0000000100000000, 0x0000000100000000)
  eden space 141312K, 0% used [0x00000000eab00000,0x00000000eab00000,0x00000000f3500000)
  from space 67584K, 99% used [0x00000000f9080000,0x00000000fd27cda0,0x00000000fd280000)
  to   space 93696K, 0% used [0x00000000f3500000,0x00000000f3500000,0x00000000f9080000)
 ParOldGen       total 169984K, used 160135K [0x00000000c0000000, 0x00000000ca600000, 0x00000000eab00000)
  object space 169984K, 94% used [0x00000000c0000000,0x00000000c9c61cc0,0x00000000ca600000)
 Metaspace       used 6378K, capacity 7192K, committed 7424K, reserved 1056768K
  class space    used 609K, capacity 656K, committed 768K, reserved 1048576K

